<?xml version="1.0" encoding="UTF-8"?>
<!-- Generated by org.testng.reporters.JUnitXMLReporter -->
<testsuite ignored="5" hostname="vishnu" failures="1" tests="6" name="Test" time="368.582" errors="0" timestamp="2024-04-02T12:12:14 IST">
  <testcase classname="com.ID_Website.SmokeTests.LorealConsultAnExpert" name="consultAnExpert" time="45.094">
    <failure type="java.lang.AssertionError" message="expected [true] but found [false]">
      <![CDATA[java.lang.AssertionError: expected [true] but found [false]
at com.ID_Website.SmokeTests.LorealConsultAnExpert.consultAnExpert(LorealConsultAnExpert.java:54)
at java.base/java.util.ArrayList.forEach(ArrayList.java:1511)
at java.base/java.util.concurrent.FutureTask.run(FutureTask.java:264)
at java.base/java.util.concurrent.ThreadPoolExecutor.runWorker(ThreadPoolExecutor.java:1136)
at java.base/java.util.concurrent.ThreadPoolExecutor$Worker.run(ThreadPoolExecutor.java:635)
at java.base/java.lang.Thread.run(Thread.java:842)
... Removed 21 stack frames]]>
    </failure>
  </testcase> <!-- consultAnExpert -->
  <testcase classname="com.ID_Website.SmokeTests.LorealProductCheckout" name="productCheckout" time="56.293"/>
  <testcase classname="com.ID_Website.SmokeTests.LorealProSerCheckout" name="proserCheckout" time="36.961"/>
  <testcase classname="com.ID_Website.SmokeTests.LorealServiceCheckout" name="serviceCheckout" time="56.142"/>
  <testcase classname="com.ID_Website.SmokeTests.Loreal_Filters_Checkout" name="filtersCheckout" time="78.479"/>
  <testcase classname="com.ID_Website.SmokeTests.Loreal_Search_Checkout" name="searchCheckout" time="55.886"/>
  <testcase classname="com.ID_Website.utilities.BaseClass" name="@AfterTest SendingMail" time="0.0">
    <ignored/>
  </testcase> <!-- @AfterTest SendingMail -->
  <testcase classname="com.ID_Website.utilities.BaseClass" name="@AfterTest SendingMail" time="0.0">
    <ignored/>
  </testcase> <!-- @AfterTest SendingMail -->
  <testcase classname="com.ID_Website.utilities.BaseClass" name="@AfterTest SendingMail" time="0.0">
    <ignored/>
  </testcase> <!-- @AfterTest SendingMail -->
  <testcase classname="com.ID_Website.utilities.BaseClass" name="@AfterTest SendingMail" time="0.0">
    <ignored/>
  </testcase> <!-- @AfterTest SendingMail -->
  <testcase classname="com.ID_Website.utilities.BaseClass" name="@AfterTest SendingMail" time="0.0">
    <ignored/>
  </testcase> <!-- @AfterTest SendingMail -->
</testsuite> <!-- Test -->
