<?xml version="1.0" encoding="UTF-8"?>
<!-- Generated by org.testng.reporters.JUnitXMLReporter -->
<testsuite ignored="5" hostname="vishnu" failures="0" tests="6" name="firefox" time="5.7" errors="0" timestamp="2024-04-02T16:28:26 IST">
  <testcase classname="com.ID_Website.SmokeTests.LorealConsultAnExpert" name="consultAnExpert" time="0.0">
    <skipped/>
  </testcase> <!-- consultAnExpert -->
  <testcase classname="com.ID_Website.SmokeTests.LorealProductCheckout" name="productCheckout" time="0.0">
    <skipped/>
  </testcase> <!-- productCheckout -->
  <testcase classname="com.ID_Website.SmokeTests.LorealProSerCheckout" name="proserCheckout" time="0.0">
    <skipped/>
  </testcase> <!-- proserCheckout -->
  <testcase classname="com.ID_Website.SmokeTests.LorealServiceCheckout" name="serviceCheckout" time="0.0">
    <skipped/>
  </testcase> <!-- serviceCheckout -->
  <testcase classname="com.ID_Website.SmokeTests.Loreal_Filters_Checkout" name="filtersCheckout" time="0.0">
    <skipped/>
  </testcase> <!-- filtersCheckout -->
  <testcase classname="com.ID_Website.SmokeTests.Loreal_Search_Checkout" name="searchCheckout" time="0.0">
    <skipped/>
  </testcase> <!-- searchCheckout -->
  <testcase classname="com.ID_Website.utilities.BaseClass" name="@AfterTest SendingMail" time="0.0">
    <ignored/>
  </testcase> <!-- @AfterTest SendingMail -->
  <testcase classname="com.ID_Website.utilities.BaseClass" name="@AfterTest SendingMail" time="0.0">
    <ignored/>
  </testcase> <!-- @AfterTest SendingMail -->
  <testcase classname="com.ID_Website.utilities.BaseClass" name="@AfterTest SendingMail" time="0.0">
    <ignored/>
  </testcase> <!-- @AfterTest SendingMail -->
  <testcase classname="com.ID_Website.utilities.BaseClass" name="@AfterTest SendingMail" time="0.0">
    <ignored/>
  </testcase> <!-- @AfterTest SendingMail -->
  <testcase classname="com.ID_Website.utilities.BaseClass" name="@AfterTest SendingMail" time="0.0">
    <ignored/>
  </testcase> <!-- @AfterTest SendingMail -->
</testsuite> <!-- firefox -->
