-------------------------------------------------------------------------------
Test set: TestSuite
-------------------------------------------------------------------------------
Tests run: 6, Failures: 1, Errors: 0, Skipped: 0, Time elapsed: 369.958 s <<< FAILURE! - in TestSuite
consultAnExpert(com.ID_Website.SmokeTests.LorealConsultAnExpert)  Time elapsed: 45.132 s  <<< FAILURE!
java.lang.AssertionError: expected [true] but found [false]
	at com.ID_Website.SmokeTests.LorealConsultAnExpert.consultAnExpert(LorealConsultAnExpert.java:54)

