<?xml version="1.0" encoding="UTF-8"?>
<testng-results ignored="0" total="6" passed="5" failed="1" skipped="0">
  <reporter-output>
  </reporter-output>
  <suite started-at="2024-04-02T12:06:05 IST" name="Suite" finished-at="2024-04-02T12:12:13 IST" duration-ms="368582">
    <groups>
    </groups>
    <test started-at="2024-04-02T12:06:05 IST" name="Test" finished-at="2024-04-02T12:12:13 IST" duration-ms="368582">
      <class name="com.ID_Website.SmokeTests.LorealServiceCheckout">
        <test-method is-config="true" signature="setup(java.lang.String)[pri:0, instance:com.ID_Website.SmokeTests.LorealServiceCheckout@3e58a80e]" started-at="2024-04-02T12:08:42 IST" name="setup" finished-at="2024-04-02T12:08:47 IST" duration-ms="4829" status="PASS">
          <params>
            <param index="0">
              <value>
                <![CDATA[chrome]]>
              </value>
            </param>
          </params>
          <reporter-output>
          </reporter-output>
        </test-method> <!-- setup -->
        <test-method signature="serviceCheckout()[pri:0, instance:com.ID_Website.SmokeTests.LorealServiceCheckout@3e58a80e]" started-at="2024-04-02T12:08:47 IST" name="serviceCheckout" finished-at="2024-04-02T12:09:43 IST" duration-ms="56142" status="PASS">
          <reporter-output>
          </reporter-output>
        </test-method> <!-- serviceCheckout -->
        <test-method is-config="true" signature="tearDown()[pri:0, instance:com.ID_Website.SmokeTests.LorealServiceCheckout@3e58a80e]" started-at="2024-04-02T12:09:43 IST" name="tearDown" finished-at="2024-04-02T12:09:43 IST" duration-ms="475" status="PASS">
          <reporter-output>
          </reporter-output>
        </test-method> <!-- tearDown -->
      </class> <!-- com.ID_Website.SmokeTests.LorealServiceCheckout -->
      <class name="com.ID_Website.SmokeTests.LorealProductCheckout">
        <test-method is-config="true" signature="setup(java.lang.String)[pri:0, instance:com.ID_Website.SmokeTests.LorealProductCheckout@a514af7]" started-at="2024-04-02T12:06:58 IST" name="setup" finished-at="2024-04-02T12:07:03 IST" duration-ms="4862" status="PASS">
          <params>
            <param index="0">
              <value>
                <![CDATA[chrome]]>
              </value>
            </param>
          </params>
          <reporter-output>
          </reporter-output>
        </test-method> <!-- setup -->
        <test-method signature="productCheckout()[pri:0, instance:com.ID_Website.SmokeTests.LorealProductCheckout@a514af7]" started-at="2024-04-02T12:07:03 IST" name="productCheckout" finished-at="2024-04-02T12:07:59 IST" duration-ms="56293" status="PASS">
          <reporter-output>
          </reporter-output>
        </test-method> <!-- productCheckout -->
        <test-method is-config="true" signature="tearDown()[pri:0, instance:com.ID_Website.SmokeTests.LorealProductCheckout@a514af7]" started-at="2024-04-02T12:07:59 IST" name="tearDown" finished-at="2024-04-02T12:08:00 IST" duration-ms="329" status="PASS">
          <reporter-output>
          </reporter-output>
        </test-method> <!-- tearDown -->
      </class> <!-- com.ID_Website.SmokeTests.LorealProductCheckout -->
      <class name="com.ID_Website.SmokeTests.Loreal_Filters_Checkout">
        <test-method is-config="true" signature="setup(java.lang.String)[pri:0, instance:com.ID_Website.SmokeTests.Loreal_Filters_Checkout@4fb61f4a]" started-at="2024-04-02T12:09:43 IST" name="setup" finished-at="2024-04-02T12:09:49 IST" duration-ms="5567" status="PASS">
          <params>
            <param index="0">
              <value>
                <![CDATA[chrome]]>
              </value>
            </param>
          </params>
          <reporter-output>
          </reporter-output>
        </test-method> <!-- setup -->
        <test-method signature="filtersCheckout()[pri:0, instance:com.ID_Website.SmokeTests.Loreal_Filters_Checkout@4fb61f4a]" started-at="2024-04-02T12:09:49 IST" name="filtersCheckout" finished-at="2024-04-02T12:11:07 IST" duration-ms="78479" status="PASS">
          <reporter-output>
          </reporter-output>
        </test-method> <!-- filtersCheckout -->
        <test-method is-config="true" signature="tearDown()[pri:0, instance:com.ID_Website.SmokeTests.Loreal_Filters_Checkout@4fb61f4a]" started-at="2024-04-02T12:11:07 IST" name="tearDown" finished-at="2024-04-02T12:11:08 IST" duration-ms="372" status="PASS">
          <reporter-output>
          </reporter-output>
        </test-method> <!-- tearDown -->
      </class> <!-- com.ID_Website.SmokeTests.Loreal_Filters_Checkout -->
      <class name="com.ID_Website.SmokeTests.Loreal_Search_Checkout">
        <test-method is-config="true" signature="setup(java.lang.String)[pri:0, instance:com.ID_Website.SmokeTests.Loreal_Search_Checkout@4fb0f2b9]" started-at="2024-04-02T12:11:08 IST" name="setup" finished-at="2024-04-02T12:11:12 IST" duration-ms="4637" status="PASS">
          <params>
            <param index="0">
              <value>
                <![CDATA[chrome]]>
              </value>
            </param>
          </params>
          <reporter-output>
          </reporter-output>
        </test-method> <!-- setup -->
        <test-method signature="searchCheckout()[pri:0, instance:com.ID_Website.SmokeTests.Loreal_Search_Checkout@4fb0f2b9]" started-at="2024-04-02T12:11:12 IST" name="searchCheckout" finished-at="2024-04-02T12:12:08 IST" duration-ms="55886" status="PASS">
          <reporter-output>
          </reporter-output>
        </test-method> <!-- searchCheckout -->
        <test-method is-config="true" signature="tearDown()[pri:0, instance:com.ID_Website.SmokeTests.Loreal_Search_Checkout@4fb0f2b9]" started-at="2024-04-02T12:12:08 IST" name="tearDown" finished-at="2024-04-02T12:12:08 IST" duration-ms="356" status="PASS">
          <reporter-output>
          </reporter-output>
        </test-method> <!-- tearDown -->
      </class> <!-- com.ID_Website.SmokeTests.Loreal_Search_Checkout -->
      <class name="com.ID_Website.SmokeTests.LorealConsultAnExpert">
        <test-method is-config="true" signature="setup(java.lang.String)[pri:0, instance:com.ID_Website.SmokeTests.LorealConsultAnExpert@2e005c4b]" started-at="2024-04-02T12:06:05 IST" name="setup" finished-at="2024-04-02T12:06:13 IST" duration-ms="7184" status="PASS">
          <params>
            <param index="0">
              <value>
                <![CDATA[chrome]]>
              </value>
            </param>
          </params>
          <reporter-output>
          </reporter-output>
        </test-method> <!-- setup -->
        <test-method signature="consultAnExpert()[pri:0, instance:com.ID_Website.SmokeTests.LorealConsultAnExpert@2e005c4b]" started-at="2024-04-02T12:06:13 IST" name="consultAnExpert" finished-at="2024-04-02T12:06:58 IST" duration-ms="45094" status="FAIL">
          <exception class="java.lang.AssertionError">
            <message>
              <![CDATA[expected [true] but found [false]]]>
            </message>
            <full-stacktrace>
              <![CDATA[java.lang.AssertionError: expected [true] but found [false]
at org.testng.Assert.fail(Assert.java:111)
at org.testng.Assert.failNotEquals(Assert.java:1578)
at org.testng.Assert.assertTrue(Assert.java:57)
at org.testng.Assert.assertTrue(Assert.java:67)
at com.ID_Website.SmokeTests.LorealConsultAnExpert.consultAnExpert(LorealConsultAnExpert.java:54)
at java.base/jdk.internal.reflect.NativeMethodAccessorImpl.invoke0(Native Method)
at java.base/jdk.internal.reflect.NativeMethodAccessorImpl.invoke(NativeMethodAccessorImpl.java:77)
at java.base/jdk.internal.reflect.DelegatingMethodAccessorImpl.invoke(DelegatingMethodAccessorImpl.java:43)
at java.base/java.lang.reflect.Method.invoke(Method.java:568)
at org.testng.internal.invokers.MethodInvocationHelper.invokeMethod(MethodInvocationHelper.java:139)
at org.testng.internal.invokers.TestInvoker.invokeMethod(TestInvoker.java:664)
at org.testng.internal.invokers.TestInvoker.invokeTestMethod(TestInvoker.java:228)
at org.testng.internal.invokers.MethodRunner.runInSequence(MethodRunner.java:63)
at org.testng.internal.invokers.TestInvoker$MethodInvocationAgent.invoke(TestInvoker.java:961)
at org.testng.internal.invokers.TestInvoker.invokeTestMethods(TestInvoker.java:201)
at org.testng.internal.invokers.TestMethodWorker.invokeTestMethods(TestMethodWorker.java:148)
at org.testng.internal.invokers.TestMethodWorker.run(TestMethodWorker.java:128)
at java.base/java.util.ArrayList.forEach(ArrayList.java:1511)
at org.testng.TestRunner.privateRun(TestRunner.java:819)
at org.testng.TestRunner.run(TestRunner.java:619)
at org.testng.SuiteRunner.runTest(SuiteRunner.java:443)
at org.testng.SuiteRunner$SuiteWorker.run(SuiteRunner.java:481)
at org.testng.internal.thread.ThreadUtil.lambda$execute$0(ThreadUtil.java:58)
at java.base/java.util.concurrent.FutureTask.run(FutureTask.java:264)
at java.base/java.util.concurrent.ThreadPoolExecutor.runWorker(ThreadPoolExecutor.java:1136)
at java.base/java.util.concurrent.ThreadPoolExecutor$Worker.run(ThreadPoolExecutor.java:635)
at java.base/java.lang.Thread.run(Thread.java:842)
]]>
            </full-stacktrace>
          </exception> <!-- java.lang.AssertionError -->
          <reporter-output>
          </reporter-output>
        </test-method> <!-- consultAnExpert -->
        <test-method is-config="true" signature="tearDown()[pri:0, instance:com.ID_Website.SmokeTests.LorealConsultAnExpert@2e005c4b]" started-at="2024-04-02T12:06:58 IST" name="tearDown" finished-at="2024-04-02T12:06:58 IST" duration-ms="332" status="PASS">
          <reporter-output>
          </reporter-output>
        </test-method> <!-- tearDown -->
        <test-method is-config="true" signature="SendingMail()[pri:0, instance:com.ID_Website.SmokeTests.LorealConsultAnExpert@2e005c4b]" started-at="2024-04-02T12:12:08 IST" name="SendingMail" finished-at="2024-04-02T12:12:13 IST" duration-ms="5005" status="PASS">
          <reporter-output>
          </reporter-output>
        </test-method> <!-- SendingMail -->
      </class> <!-- com.ID_Website.SmokeTests.LorealConsultAnExpert -->
      <class name="com.ID_Website.SmokeTests.LorealProSerCheckout">
        <test-method is-config="true" signature="setup(java.lang.String)[pri:0, instance:com.ID_Website.SmokeTests.LorealProSerCheckout@6b927fb]" started-at="2024-04-02T12:08:00 IST" name="setup" finished-at="2024-04-02T12:08:04 IST" duration-ms="4850" status="PASS">
          <params>
            <param index="0">
              <value>
                <![CDATA[chrome]]>
              </value>
            </param>
          </params>
          <reporter-output>
          </reporter-output>
        </test-method> <!-- setup -->
        <test-method signature="proserCheckout()[pri:0, instance:com.ID_Website.SmokeTests.LorealProSerCheckout@6b927fb]" started-at="2024-04-02T12:08:04 IST" name="proserCheckout" finished-at="2024-04-02T12:08:41 IST" duration-ms="36961" status="PASS">
          <reporter-output>
          </reporter-output>
        </test-method> <!-- proserCheckout -->
        <test-method is-config="true" signature="tearDown()[pri:0, instance:com.ID_Website.SmokeTests.LorealProSerCheckout@6b927fb]" started-at="2024-04-02T12:08:41 IST" name="tearDown" finished-at="2024-04-02T12:08:42 IST" duration-ms="348" status="PASS">
          <reporter-output>
          </reporter-output>
        </test-method> <!-- tearDown -->
      </class> <!-- com.ID_Website.SmokeTests.LorealProSerCheckout -->
    </test> <!-- Test -->
  </suite> <!-- Suite -->
</testng-results>
