<?xml version="1.0" encoding="UTF-8"?>
<testsuite xmlns:xsi="http://www.w3.org/2001/XMLSchema-instance" xsi:noNamespaceSchemaLocation="https://maven.apache.org/surefire/maven-surefire-plugin/xsd/surefire-test-report.xsd" name="TestSuite" time="369.958" tests="6" errors="0" skipped="0" failures="1">
  <properties>
[...]
</properties>
  <testcase name="consultAnExpert" classname="com.ID_Website.SmokeTests.LorealConsultAnExpert" time="45.132">
    <failure message="expected [true] but found [false]" type="java.lang.AssertionError">java.lang.AssertionError: expected [true] but found [false]
	at com.ID_Website.SmokeTests.LorealConsultAnExpert.consultAnExpert(LorealConsultAnExpert.java:54)
</failure>
    <system-out><![CDATA[Browser name is: chrome
Thread id: 22
Application Opened
 INFO [TestNG-tests-1] (LorealConsultAnExpert.java:27)- *********************Started consult an expert******************
language changed to EN
Before getting text of explore Brand
exploreBrand Element Identified
Scrolled into the exploreBrand Element
Explore our professional brands
Language changed
 INFO [TestNG-tests-1] (SalonHomePage.java:60)- Language changed
loreal Brand selected
 INFO [TestNG-tests-1] (SelectBrand.java:22)- loreal Brand selected
Before clicking con_expert
con_expert Element Identified
Scrolled into the con_expert Element
Text on blockCONSULT AN EXPERT
Clicked on con_expert
terms and conditions element identified
terms and conditions before click
I_agree_to selected
 INFO [TestNG-tests-1] (ConsultAnExpert.java:46)- I_agree_to selected
Before form submission
Consult an expert submitted
L'Oréal Professionnel | Product Detail
Toast message Thank You for contacting us. We'll get back to you soon.
 INFO [TestNG-tests-1] (LorealConsultAnExpert.java:42)- Thank You for contacting us. We'll get back to you soon.
 INFO [TestNG-tests-1] (LorealConsultAnExpert.java:51)- ***************Consult an expert failed******************
Screenshot taken
Consult an expert failed
]]></system-out>
    <system-err><![CDATA[SLF4J: Failed to load class "org.slf4j.impl.StaticLoggerBinder".
SLF4J: Defaulting to no-operation (NOP) logger implementation
SLF4J: See http://www.slf4j.org/codes.html#StaticLoggerBinder for further details.
Apr 02, 2024 12:06:08 PM org.openqa.selenium.devtools.CdpVersionFinder findNearestMatch
WARNING: Unable to find an exact match for CDP version 123, returning the closest version; found: 122; Please update to a Selenium version that supports CDP version 123
log4j:WARN File option not set for appender [TTCC].
log4j:WARN Are you using FileAppender instead of ConsoleAppender?
log4j:ERROR No output stream or file set for the appender named [TTCC].
]]></system-err>
  </testcase>
  <testcase name="productCheckout" classname="com.ID_Website.SmokeTests.LorealProductCheckout" time="56.293"/>
  <testcase name="proserCheckout" classname="com.ID_Website.SmokeTests.LorealProSerCheckout" time="36.962"/>
  <testcase name="serviceCheckout" classname="com.ID_Website.SmokeTests.LorealServiceCheckout" time="56.141"/>
  <testcase name="filtersCheckout" classname="com.ID_Website.SmokeTests.Loreal_Filters_Checkout" time="78.477"/>
  <testcase name="searchCheckout" classname="com.ID_Website.SmokeTests.Loreal_Search_Checkout" time="55.886"/>
</testsuite>